This file contains any messages produced by compilers while
running configure, to aid debugging if configure makes a mistake.

It was created by configure, which was
generated by GNU Autoconf 2.59.  Invocation command line was

  $ ./configure 

## --------- ##
## Platform. ##
## --------- ##

hostname = sf-spam-stage001
uname -m = x86_64
uname -r = 2.6.9-67.ELsmp
uname -s = Linux
uname -v = #1 SMP Fri Nov 16 12:49:06 EST 2007

/usr/bin/uname -p = unknown
/bin/uname -X     = unknown

/bin/arch              = x86_64
/usr/bin/arch -k       = unknown
/usr/convex/getsysinfo = unknown
hostinfo               = unknown
/bin/machine           = unknown
/usr/bin/oslevel       = unknown
/bin/universe          = unknown

PATH: /opt/intel/cce/10.1.008/bin
PATH: /usr/local/6a/gcc
PATH: /opt/intel/cce/10.1.008/bin
PATH: /usr/local/6a/gcc
PATH: /usr/kerberos/bin
PATH: /usr/local/bin
PATH: /bin
PATH: /usr/bin
PATH: /usr/X11R6/bin
PATH: /sbin
PATH: /usr/sbin
PATH: /usr/local/bin
PATH: /usr/local/sbin
PATH: /usr/local/mysql/bin
PATH: /u/athomason/bin
PATH: /u/athomason/serotype/tools
PATH: /sbin
PATH: /usr/sbin
PATH: /usr/local/bin
PATH: /usr/local/sbin
PATH: /usr/local/mysql/bin
PATH: /u/athomason/bin
PATH: /u/athomason/serotype/tools


## ----------- ##
## Core tests. ##
## ----------- ##

configure:1534: checking build system type
configure:1552: result: x86_64-unknown-linux-gnu
configure:1560: checking host system type
configure:1574: result: x86_64-unknown-linux-gnu
configure:1582: checking target system type
configure:1596: result: x86_64-unknown-linux-gnu
configure:1661: checking for a BSD-compatible install
configure:1716: result: /usr/bin/install -c
configure:1727: checking whether build environment is sane
configure:1770: result: yes
configure:1835: checking for gawk
configure:1851: found /bin/gawk
configure:1861: result: gawk
configure:1871: checking whether make sets $(MAKE)
configure:1891: result: yes
configure:2097: checking for gcc
configure:2113: found /usr/bin/gcc
configure:2123: result: gcc
configure:2367: checking for C compiler version
configure:2370: gcc --version </dev/null >&5
gcc (GCC) 3.4.6 20060404 (Red Hat 3.4.6-9)
Copyright (C) 2006 Free Software Foundation, Inc.
This is free software; see the source for copying conditions.  There is NO
warranty; not even for MERCHANTABILITY or FITNESS FOR A PARTICULAR PURPOSE.

configure:2373: $? = 0
configure:2375: gcc -v </dev/null >&5
Reading specs from /usr/lib/gcc/x86_64-redhat-linux/3.4.6/specs
Configured with: ../configure --prefix=/usr --mandir=/usr/share/man --infodir=/usr/share/info --enable-shared --enable-threads=posix --disable-checking --with-system-zlib --enable-__cxa_atexit --disable-libunwind-exceptions --enable-java-awt=gtk --host=x86_64-redhat-linux
Thread model: posix
gcc version 3.4.6 20060404 (Red Hat 3.4.6-9)
configure:2378: $? = 0
configure:2380: gcc -V </dev/null >&5
gcc: `-V' option must have argument
configure:2383: $? = 1
configure:2406: checking for C compiler default output file name
configure:2409: gcc    conftest.c  >&5
configure:2412: $? = 0
configure:2458: result: a.out
configure:2463: checking whether the C compiler works
configure:2469: ./a.out
configure:2472: $? = 0
configure:2489: result: yes
configure:2496: checking whether we are cross compiling
configure:2498: result: no
configure:2501: checking for suffix of executables
configure:2503: gcc -o conftest    conftest.c  >&5
configure:2506: $? = 0
configure:2531: result: 
configure:2537: checking for suffix of object files
configure:2558: gcc -c   conftest.c >&5
configure:2561: $? = 0
configure:2583: result: o
configure:2587: checking whether we are using the GNU C compiler
configure:2611: gcc -c   conftest.c >&5
configure:2617: $? = 0
configure:2621: test -z 
			 || test ! -s conftest.err
configure:2624: $? = 0
configure:2627: test -s conftest.o
configure:2630: $? = 0
configure:2643: result: yes
configure:2649: checking whether gcc accepts -g
configure:2670: gcc -c -g  conftest.c >&5
configure:2676: $? = 0
configure:2680: test -z 
			 || test ! -s conftest.err
configure:2683: $? = 0
configure:2686: test -s conftest.o
configure:2689: $? = 0
configure:2700: result: yes
configure:2717: checking for gcc option to accept ANSI C
configure:2787: gcc  -c -g -O2  conftest.c >&5
configure:2793: $? = 0
configure:2797: test -z 
			 || test ! -s conftest.err
configure:2800: $? = 0
configure:2803: test -s conftest.o
configure:2806: $? = 0
configure:2824: result: none needed
configure:2842: gcc -c -g -O2  conftest.c >&5
conftest.c:2: error: syntax error before "me"
configure:2848: $? = 1
configure: failed program was:
| #ifndef __cplusplus
|   choke me
| #endif
configure:2992: checking for style of include used by make
configure:3020: result: GNU
configure:3048: checking dependency style of gcc
configure:3138: result: gcc3
configure:3207: checking for g++
configure:3223: found /usr/bin/g++
configure:3233: result: g++
configure:3249: checking for C++ compiler version
configure:3252: g++ --version </dev/null >&5
g++ (GCC) 3.4.6 20060404 (Red Hat 3.4.6-9)
Copyright (C) 2006 Free Software Foundation, Inc.
This is free software; see the source for copying conditions.  There is NO
warranty; not even for MERCHANTABILITY or FITNESS FOR A PARTICULAR PURPOSE.

configure:3255: $? = 0
configure:3257: g++ -v </dev/null >&5
Reading specs from /usr/lib/gcc/x86_64-redhat-linux/3.4.6/specs
Configured with: ../configure --prefix=/usr --mandir=/usr/share/man --infodir=/usr/share/info --enable-shared --enable-threads=posix --disable-checking --with-system-zlib --enable-__cxa_atexit --disable-libunwind-exceptions --enable-java-awt=gtk --host=x86_64-redhat-linux
Thread model: posix
gcc version 3.4.6 20060404 (Red Hat 3.4.6-9)
configure:3260: $? = 0
configure:3262: g++ -V </dev/null >&5
g++: `-V' option must have argument
configure:3265: $? = 1
configure:3268: checking whether we are using the GNU C++ compiler
configure:3292: g++ -c   conftest.cc >&5
configure:3298: $? = 0
configure:3302: test -z 
			 || test ! -s conftest.err
configure:3305: $? = 0
configure:3308: test -s conftest.o
configure:3311: $? = 0
configure:3324: result: yes
configure:3330: checking whether g++ accepts -g
configure:3351: g++ -c -g  conftest.cc >&5
configure:3357: $? = 0
configure:3361: test -z 
			 || test ! -s conftest.err
configure:3364: $? = 0
configure:3367: test -s conftest.o
configure:3370: $? = 0
configure:3381: result: yes
configure:3423: g++ -c -g -O2  conftest.cc >&5
configure:3429: $? = 0
configure:3433: test -z 
			 || test ! -s conftest.err
configure:3436: $? = 0
configure:3439: test -s conftest.o
configure:3442: $? = 0
configure:3468: g++ -c -g -O2  conftest.cc >&5
conftest.cc: In function `int main()':
conftest.cc:13: error: `exit' was not declared in this scope
configure:3474: $? = 1
configure: failed program was:
| /* confdefs.h.  */
| 
| #define PACKAGE_NAME ""
| #define PACKAGE_TARNAME ""
| #define PACKAGE_VERSION ""
| #define PACKAGE_STRING ""
| #define PACKAGE_BUGREPORT ""
| /* end confdefs.h.  */
| 
| int
| main ()
| {
| exit (42);
|   ;
|   return 0;
| }
configure:3423: g++ -c -g -O2  conftest.cc >&5
configure:3429: $? = 0
configure:3433: test -z 
			 || test ! -s conftest.err
configure:3436: $? = 0
configure:3439: test -s conftest.o
configure:3442: $? = 0
configure:3468: g++ -c -g -O2  conftest.cc >&5
configure:3474: $? = 0
configure:3478: test -z 
			 || test ! -s conftest.err
configure:3481: $? = 0
configure:3484: test -s conftest.o
configure:3487: $? = 0
configure:3512: checking dependency style of g++
configure:3602: result: gcc3
configure:3691: checking for a sed that does not truncate output
configure:3745: result: /bin/sed
configure:3748: checking for egrep
configure:3758: result: grep -E
configure:3774: checking for ld used by gcc
configure:3841: result: /usr/bin/ld
configure:3850: checking if the linker (/usr/bin/ld) is GNU ld
configure:3865: result: yes
configure:3870: checking for /usr/bin/ld option to reload object files
configure:3877: result: -r
configure:3886: checking for BSD-compatible nm
configure:3928: result: /usr/bin/nm -B
configure:3932: checking whether ln -s works
configure:3936: result: yes
configure:3943: checking how to recognise dependent libraries
configure:4126: result: pass_all
configure:4211: gcc -c -g -O2  conftest.c >&5
configure:4214: $? = 0
configure:4340: checking how to run the C preprocessor
configure:4375: gcc -E  conftest.c
configure:4381: $? = 0
configure:4413: gcc -E  conftest.c
conftest.c:12:28: ac_nonexistent.h: No such file or directory
configure:4419: $? = 1
configure: failed program was:
| /* confdefs.h.  */
| 
| #define PACKAGE_NAME ""
| #define PACKAGE_TARNAME ""
| #define PACKAGE_VERSION ""
| #define PACKAGE_STRING ""
| #define PACKAGE_BUGREPORT ""
| #ifdef __cplusplus
| extern "C" void std::exit (int) throw (); using std::exit;
| #endif
| /* end confdefs.h.  */
| #include <ac_nonexistent.h>
configure:4458: result: gcc -E
configure:4482: gcc -E  conftest.c
configure:4488: $? = 0
configure:4520: gcc -E  conftest.c
conftest.c:12:28: ac_nonexistent.h: No such file or directory
configure:4526: $? = 1
configure: failed program was:
| /* confdefs.h.  */
| 
| #define PACKAGE_NAME ""
| #define PACKAGE_TARNAME ""
| #define PACKAGE_VERSION ""
| #define PACKAGE_STRING ""
| #define PACKAGE_BUGREPORT ""
| #ifdef __cplusplus
| extern "C" void std::exit (int) throw (); using std::exit;
| #endif
| /* end confdefs.h.  */
| #include <ac_nonexistent.h>
configure:4570: checking for ANSI C header files
configure:4595: gcc -c -g -O2  conftest.c >&5
configure:4601: $? = 0
configure:4605: test -z 
			 || test ! -s conftest.err
configure:4608: $? = 0
configure:4611: test -s conftest.o
configure:4614: $? = 0
configure:4703: gcc -o conftest -g -O2   conftest.c  >&5
configure:4706: $? = 0
configure:4708: ./conftest
configure:4711: $? = 0
configure:4726: result: yes
configure:4750: checking for sys/types.h
configure:4766: gcc -c -g -O2  conftest.c >&5
configure:4772: $? = 0
configure:4776: test -z 
			 || test ! -s conftest.err
configure:4779: $? = 0
configure:4782: test -s conftest.o
configure:4785: $? = 0
configure:4796: result: yes
configure:4750: checking for sys/stat.h
configure:4766: gcc -c -g -O2  conftest.c >&5
configure:4772: $? = 0
configure:4776: test -z 
			 || test ! -s conftest.err
configure:4779: $? = 0
configure:4782: test -s conftest.o
configure:4785: $? = 0
configure:4796: result: yes
configure:4750: checking for stdlib.h
configure:4766: gcc -c -g -O2  conftest.c >&5
configure:4772: $? = 0
configure:4776: test -z 
			 || test ! -s conftest.err
configure:4779: $? = 0
configure:4782: test -s conftest.o
configure:4785: $? = 0
configure:4796: result: yes
configure:4750: checking for string.h
configure:4766: gcc -c -g -O2  conftest.c >&5
configure:4772: $? = 0
configure:4776: test -z 
			 || test ! -s conftest.err
configure:4779: $? = 0
configure:4782: test -s conftest.o
configure:4785: $? = 0
configure:4796: result: yes
configure:4750: checking for memory.h
configure:4766: gcc -c -g -O2  conftest.c >&5

## ---------------- ##
## Cache variables. ##
## ---------------- ##

ac_cv_build=x86_64-unknown-linux-gnu
ac_cv_build_alias=x86_64-unknown-linux-gnu
ac_cv_c_compiler_gnu=yes
ac_cv_cxx_compiler_gnu=yes
ac_cv_env_CC_set=
ac_cv_env_CC_value=
ac_cv_env_CFLAGS_set=
ac_cv_env_CFLAGS_value=
ac_cv_env_CPPFLAGS_set=
ac_cv_env_CPPFLAGS_value=
ac_cv_env_CPP_set=
ac_cv_env_CPP_value=
ac_cv_env_CXXCPP_set=
ac_cv_env_CXXCPP_value=
ac_cv_env_CXXFLAGS_set=
ac_cv_env_CXXFLAGS_value=
ac_cv_env_CXX_set=
ac_cv_env_CXX_value=
ac_cv_env_F77_set=
ac_cv_env_F77_value=
ac_cv_env_FFLAGS_set=
ac_cv_env_FFLAGS_value=
ac_cv_env_LDFLAGS_set=
ac_cv_env_LDFLAGS_value=
ac_cv_env_build_alias_set=
ac_cv_env_build_alias_value=
ac_cv_env_host_alias_set=
ac_cv_env_host_alias_value=
ac_cv_env_target_alias_set=
ac_cv_env_target_alias_value=
ac_cv_exeext=
ac_cv_header_stdc=yes
ac_cv_header_stdlib_h=yes
ac_cv_header_string_h=yes
ac_cv_header_sys_stat_h=yes
ac_cv_header_sys_types_h=yes
ac_cv_host=x86_64-unknown-linux-gnu
ac_cv_host_alias=x86_64-unknown-linux-gnu
ac_cv_objext=o
ac_cv_path_install='/usr/bin/install -c'
ac_cv_prog_AWK=gawk
ac_cv_prog_CPP='gcc -E'
ac_cv_prog_ac_ct_CC=gcc
ac_cv_prog_ac_ct_CXX=g++
ac_cv_prog_cc_g=yes
ac_cv_prog_cc_stdc=
ac_cv_prog_cxx_g=yes
ac_cv_prog_egrep='grep -E'
ac_cv_prog_make_make_set=yes
ac_cv_target=x86_64-unknown-linux-gnu
ac_cv_target_alias=x86_64-unknown-linux-gnu
am_cv_CC_dependencies_compiler_type=gcc3
am_cv_CXX_dependencies_compiler_type=gcc3
lt_cv_deplibs_check_method=pass_all
lt_cv_file_magic_cmd='$MAGIC_CMD'
lt_cv_file_magic_test_file='/lib/libc.so.6 /lib/libc-2.3.4.so'
lt_cv_ld_reload_flag=-r
lt_cv_path_LD=/usr/bin/ld
lt_cv_path_NM='/usr/bin/nm -B'
lt_cv_path_SED=/bin/sed
lt_cv_prog_gnu_ld=yes

## ----------------- ##
## Output variables. ##
## ----------------- ##

ACLOCAL='${SHELL} /u/athomason/svn/serotype/dspam/libmemcached-0.23/config/missing --run aclocal-1.9'
AMDEPBACKSLASH='\'
AMDEP_FALSE='#'
AMDEP_TRUE=''
AMTAR='${SHELL} /u/athomason/svn/serotype/dspam/libmemcached-0.23/config/missing --run tar'
AR=''
AUTOCONF='${SHELL} /u/athomason/svn/serotype/dspam/libmemcached-0.23/config/missing --run autoconf'
AUTOHEADER='${SHELL} /u/athomason/svn/serotype/dspam/libmemcached-0.23/config/missing --run autoheader'
AUTOMAKE='${SHELL} /u/athomason/svn/serotype/dspam/libmemcached-0.23/config/missing --run automake-1.9'
AWK='gawk'
CC='gcc'
CCDEPMODE='depmode=gcc3'
CFLAGS='-g -O2'
CPP='gcc -E'
CPPFLAGS=''
CXX='g++'
CXXCPP=''
CXXDEPMODE='depmode=gcc3'
CXXFLAGS='-g -O2'
CYGPATH_W='echo'
DEBUG=''
DEBUGFLAGS=''
DEFS=''
DEPDIR='.deps'
DTRACE=''
DTRACEFLAGS=''
ECHO='echo'
ECHO_C=''
ECHO_N='-n'
ECHO_T=''
EGREP='grep -E'
EXEEXT=''
F77=''
FFLAGS=''
HAVE_DEBUG=''
HAVE_DEBUG_FALSE=''
HAVE_DEBUG_TRUE=''
HAVE_DTRACE=''
HAVE_DTRACE_FALSE=''
HAVE_DTRACE_TRUE=''
INSTALL_DATA='${INSTALL} -m 644'
INSTALL_PROGRAM='${INSTALL}'
INSTALL_SCRIPT='${INSTALL}'
INSTALL_STRIP_PROGRAM='${SHELL} $(install_sh) -c -s'
LDFLAGS=''
LIBOBJS=''
LIBS=''
LIBTOOL=''
LN_S='ln -s'
LTLIBOBJS=''
MAKEINFO='${SHELL} /u/athomason/svn/serotype/dspam/libmemcached-0.23/config/missing --run makeinfo'
MEMCACHED_API_VERSION='1.0'
MEMCACHED_LIBRARY_NAME='libmemcached'
MEMCACHED_LIBRARY_VERSION='2:0:0'
MEMCACHED_RELEASE='0.23'
MEMCACHED_VERSION='0.23.0'
OBJEXT='o'
PACKAGE='libmemcached'
PACKAGE_BUGREPORT=''
PACKAGE_NAME=''
PACKAGE_STRING=''
PACKAGE_TARNAME=''
PACKAGE_VERSION=''
PATH_SEPARATOR=':'
RANLIB=''
SET_MAKE=''
SHELL='/bin/sh'
STRIP=''
VERSION='0.23'
ac_ct_AR=''
ac_ct_CC='gcc'
ac_ct_CXX='g++'
ac_ct_F77=''
ac_ct_RANLIB=''
ac_ct_STRIP=''
am__fastdepCC_FALSE='#'
am__fastdepCC_TRUE=''
am__fastdepCXX_FALSE='#'
am__fastdepCXX_TRUE=''
am__include='include'
am__leading_dot='.'
am__quote=''
am__tar='${AMTAR} chof - "$$tardir"'
am__untar='${AMTAR} xf -'
bindir='${exec_prefix}/bin'
build='x86_64-unknown-linux-gnu'
build_alias=''
build_cpu='x86_64'
build_os='linux-gnu'
build_vendor='unknown'
datadir='${prefix}/share'
exec_prefix='NONE'
host='x86_64-unknown-linux-gnu'
host_alias=''
host_cpu='x86_64'
host_os='linux-gnu'
host_vendor='unknown'
includedir='${prefix}/include'
infodir='${prefix}/info'
install_sh='/u/athomason/svn/serotype/dspam/libmemcached-0.23/config/install-sh'
libdir='${exec_prefix}/lib'
libexecdir='${exec_prefix}/libexec'
localstatedir='${prefix}/var'
mandir='${prefix}/man'
mkdir_p='mkdir -p --'
oldincludedir='/usr/include'
prefix='NONE'
program_transform_name='s,x,x,'
sbindir='${exec_prefix}/sbin'
sharedstatedir='${prefix}/com'
sysconfdir='${prefix}/etc'
target='x86_64-unknown-linux-gnu'
target_alias=''
target_cpu='x86_64'
target_os='linux-gnu'
target_vendor='unknown'

## ----------- ##
## confdefs.h. ##
## ----------- ##

#define HAVE_STDLIB_H 1
#define HAVE_STRING_H 1
#define HAVE_SYS_STAT_H 1
#define HAVE_SYS_TYPES_H 1
#define PACKAGE_BUGREPORT ""
#define PACKAGE_NAME ""
#define PACKAGE_STRING ""
#define PACKAGE_TARNAME ""
#define PACKAGE_VERSION ""
#define STDC_HEADERS 1
#endif
#ifdef __cplusplus
extern "C" void std::exit (int) throw (); using std::exit;

configure: caught signal 2
configure: exit 1
